Loading data
  [Clustering]
  [Ended]
  [Clustering]
  [Ended]
  [Clustering]
  [Ended]
Ratio: 0.0
    Label: AroMN
          [Clustering]
          [Ended]
        Tuning AutoML
[WARNING] [2023-03-09 15:54:00,385:Client-AutoML(8229):36714696-be8a-11ed-a10c-b499bab8ef8a] Time limit for a single run is higher than total time limit. Capping the limit for a single run to the total time given to SMAC (28798.130550)
[WARNING] [2023-03-09 15:54:00,386:Client-AutoML(8229):36714696-be8a-11ed-a10c-b499bab8ef8a] Capping the per_run_time_limit to 14399.0 to have time for a least 2 models in each process.
[WARNING] [2023-03-09 15:54:23,504:Client-EnsembleBuilder] No runs were available to build an ensemble from
Time:  28822.562465667725
            Cross-validating best estimator
            ___________________
            Obtained metrics for IADS
               r2, RMSE, MAE
            6.41e-01 ± 4.10e-02
            1.95e-02 ± 1.56e-03
            1.55e-02 ± 1.11e-03
            ___________________
            Obtained metrics for PMEmo
               r2, RMSE, MAE
            -1.51e-01 ± 1.24e-01
            4.40e-02 ± 1.79e-03
            3.44e-02 ± 1.15e-03
            
        Tuning Linear
            Total parameter sets: 400
Time:  453.8725769519806
            Cross-validating best estimator
            ___________________
            Obtained metrics for IADS
               r2, RMSE, MAE
            4.81e-01 ± 9.00e-02
            2.35e-02 ± 2.30e-03
            1.87e-02 ± 1.67e-03
            ___________________
            Obtained metrics for PMEmo
               r2, RMSE, MAE
            -3.22e+00 ± 2.68e+00
            8.20e-02 ± 2.78e-02
            5.08e-02 ± 1.45e-02
            
        Tuning SVM
            Total parameter sets: 52000
Time:  11115.893560409546
            Cross-validating best estimator
            ___________________
            Obtained metrics for IADS
               r2, RMSE, MAE
            5.70e-01 ± 3.80e-02
            2.14e-02 ± 1.22e-03
            1.68e-02 ± 1.13e-03
            ___________________
            Obtained metrics for PMEmo
               r2, RMSE, MAE
            1.63e-02 ± 1.03e-02
            4.07e-02 ± 7.50e-04
            3.39e-02 ± 6.97e-04
            
--------
    Label: ValMN
          [Clustering]
          [Ended]
        Tuning AutoML
[WARNING] [2023-03-10 03:51:24,530:Client-AutoML(8229):6cdca164-beee-11ed-a10c-b499bab8ef8a] Time limit for a single run is higher than total time limit. Capping the limit for a single run to the total time given to SMAC (28798.185175)
[WARNING] [2023-03-10 03:51:24,531:Client-AutoML(8229):6cdca164-beee-11ed-a10c-b499bab8ef8a] Capping the per_run_time_limit to 14399.0 to have time for a least 2 models in each process.
[WARNING] [2023-03-10 03:51:45,039:Client-EnsembleBuilder] No runs were available to build an ensemble from
[WARNING] [2023-03-10 03:52:09,415:Client-EnsembleBuilder] No models better than random - using Dummy losses!
	Models besides current dummy model: 0
	Dummy models: 1
[WARNING] [2023-03-10 03:52:21,515:Client-EnsembleBuilder] No models better than random - using Dummy losses!
	Models besides current dummy model: 0
	Dummy models: 1
[WARNING] [2023-03-10 03:52:24,589:Client-EnsembleBuilder] No models better than random - using Dummy losses!
	Models besides current dummy model: 0
	Dummy models: 1
[WARNING] [2023-03-10 03:52:26,181:Client-EnsembleBuilder] No models better than random - using Dummy losses!
	Models besides current dummy model: 0
	Dummy models: 1
Time:  28820.561470985413
            Cross-validating best estimator
            ___________________
            Obtained metrics for IADS
               r2, RMSE, MAE
            4.53e-01 ± 4.81e-02
            2.91e-02 ± 1.62e-03
            2.30e-02 ± 1.30e-03
            ___________________
            Obtained metrics for PMEmo
               r2, RMSE, MAE
            -1.74e+00 ± 5.94e-01
            5.93e-02 ± 5.88e-03
            5.02e-02 ± 4.71e-03
            
        Tuning Linear
            Total parameter sets: 400
Time:  323.5953645706177
            Cross-validating best estimator
            ___________________
            Obtained metrics for IADS
               r2, RMSE, MAE
            2.13e-01 ± 3.19e-02
            3.50e-02 ± 1.43e-03
            2.81e-02 ± 1.12e-03
            ___________________
            Obtained metrics for PMEmo
               r2, RMSE, MAE
            -5.92e+00 ± 3.98e+00
            9.29e-02 ± 2.59e-02
            7.22e-02 ± 1.57e-02
            
        Tuning SVM
            Total parameter sets: 52000
Time:  10717.06329202652
            Cross-validating best estimator
            ___________________
            Obtained metrics for IADS
               r2, RMSE, MAE
            3.96e-01 ± 5.47e-02
            3.06e-02 ± 1.44e-03
            2.42e-02 ± 1.50e-03
            ___________________
            Obtained metrics for PMEmo
               r2, RMSE, MAE
            -2.21e+00 ± 7.83e-02
            6.45e-02 ± 5.04e-04
            5.64e-02 ± 6.84e-04
            
--------
--------
Ratio: 1.0
    Label: AroMN
          [Clustering]
          [Ended]
        Tuning AutoML
[WARNING] [2023-03-10 16:12:38,693:Client-AutoML(8229):fbc6a851-bf55-11ed-a10c-b499bab8ef8a] Time limit for a single run is higher than total time limit. Capping the limit for a single run to the total time given to SMAC (28797.029256)
[WARNING] [2023-03-10 16:12:38,693:Client-AutoML(8229):fbc6a851-bf55-11ed-a10c-b499bab8ef8a] Capping the per_run_time_limit to 14398.0 to have time for a least 2 models in each process.
[WARNING] [2023-03-10 16:13:03,551:Client-EnsembleBuilder] No runs were available to build an ensemble from
[WARNING] [2023-03-10 16:13:10,442:Client-EnsembleBuilder] No runs were available to build an ensemble from
[WARNING] [2023-03-10 16:13:38,198:Client-EnsembleBuilder] No runs were available to build an ensemble from
Time:  28828.80806708336
            Cross-validating best estimator
            ___________________
            Obtained metrics for IADS
               r2, RMSE, MAE
            6.81e-01 ± 3.33e-02
            1.84e-02 ± 1.14e-03
            1.34e-02 ± 1.03e-03
            ___________________
            Obtained metrics for PMEmo
               r2, RMSE, MAE
            9.57e-01 ± 1.60e-02
            8.43e-03 ± 1.45e-03
            2.90e-03 ± 7.46e-04
            
        Tuning Linear
            Total parameter sets: 400
Time:  596.8055758476257
            Cross-validating best estimator
            ___________________
            Obtained metrics for IADS
               r2, RMSE, MAE
            -3.30e+23 ± 9.16e+23
            8.50e+09 ± 2.36e+10
            2.54e+09 ± 7.06e+09
            ___________________
            Obtained metrics for PMEmo
               r2, RMSE, MAE
            -4.86e+21 ± 1.35e+22
            1.26e+09 ± 3.50e+09
            3.63e+08 ± 1.01e+09
            
        Tuning SVM
            Total parameter sets: 52000
Time:  12411.245155572891
            Cross-validating best estimator
            ___________________
            Obtained metrics for IADS
               r2, RMSE, MAE
            6.21e-01 ± 1.58e-02
            2.01e-02 ± 8.36e-04
            1.48e-02 ± 7.38e-04
            ___________________
            Obtained metrics for PMEmo
               r2, RMSE, MAE
            8.93e-01 ± 2.49e-02
            1.34e-02 ± 1.41e-03
            7.29e-03 ± 1.03e-03
            
--------
    Label: ValMN
          [Clustering]
          [Ended]
        Tuning AutoML
[WARNING] [2023-03-11 05:12:26,291:Client-AutoML(8229):e557bddc-bfc2-11ed-a10c-b499bab8ef8a] Time limit for a single run is higher than total time limit. Capping the limit for a single run to the total time given to SMAC (28797.075087)
[WARNING] [2023-03-11 05:12:26,291:Client-AutoML(8229):e557bddc-bfc2-11ed-a10c-b499bab8ef8a] Capping the per_run_time_limit to 14398.0 to have time for a least 2 models in each process.
[WARNING] [2023-03-11 05:12:51,052:Client-EnsembleBuilder] No runs were available to build an ensemble from
[WARNING] [2023-03-11 05:12:58,226:Client-EnsembleBuilder] No runs were available to build an ensemble from
[WARNING] [2023-03-11 05:13:24,257:Client-EnsembleBuilder] No runs were available to build an ensemble from
Time:  28836.441814422607
            Cross-validating best estimator
            ___________________
            Obtained metrics for IADS
               r2, RMSE, MAE
            5.19e-01 ± 2.86e-02
            2.73e-02 ± 1.49e-03
            2.01e-02 ± 1.23e-03
            ___________________
            Obtained metrics for PMEmo
               r2, RMSE, MAE
            9.21e-01 ± 4.00e-02
            9.96e-03 ± 2.43e-03
            3.81e-03 ± 1.17e-03
            
        Tuning Linear
            Total parameter sets: 400
Time:  404.4065959453583
            Cross-validating best estimator
            ___________________
            Obtained metrics for IADS
               r2, RMSE, MAE
            2.46e-01 ± 8.36e-02
            3.42e-02 ± 2.43e-03
            2.60e-02 ± 6.93e-04
            ___________________
            Obtained metrics for PMEmo
               r2, RMSE, MAE
            5.97e-01 ± 3.02e-02
            2.28e-02 ± 8.15e-04
            1.82e-02 ± 7.88e-04
            
        Tuning SVM
            Total parameter sets: 52000
Time:  12659.986227989197
            Cross-validating best estimator
            ___________________
            Obtained metrics for IADS
               r2, RMSE, MAE
            4.56e-01 ± 1.33e-02
            2.91e-02 ± 1.09e-03
            2.12e-02 ± 1.17e-03
            ___________________
            Obtained metrics for PMEmo
               r2, RMSE, MAE
            8.90e-01 ± 4.14e-02
            1.18e-02 ± 2.22e-03
            4.20e-03 ± 9.78e-04
            
--------
--------
Loading data
  [Clustering]
  [Ended]
  [Clustering]
  [Ended]
  [Clustering]
  [Ended]
Ratio: 0.0
    Label: AroMN
          [Clustering]
          [Ended]
        Tuning AutoML
[WARNING] [2023-03-13 16:14:42,449:Client-AutoML(8229):c0b650d3-c1b1-11ed-b9e6-b499bab8ef8a] Time limit for a single run is higher than total time limit. Capping the limit for a single run to the total time given to SMAC (28798.052217)
[WARNING] [2023-03-13 16:14:42,450:Client-AutoML(8229):c0b650d3-c1b1-11ed-b9e6-b499bab8ef8a] Capping the per_run_time_limit to 14399.0 to have time for a least 2 models in each process.
[WARNING] [2023-03-13 16:15:05,330:Client-EnsembleBuilder] No runs were available to build an ensemble from
[WARNING] [2023-03-13 16:15:09,121:Client-EnsembleBuilder] No runs were available to build an ensemble from
[WARNING] [2023-03-13 16:15:10,490:Client-EnsembleBuilder] No runs were available to build an ensemble from
Loading data
  [Clustering]
  [Ended]
  [Clustering]
  [Ended]
  [Clustering]
  [Ended]
Ratio: 0.0
    Label: AroMN
          [Clustering]
          [Ended]
        Tuning AutoML
[WARNING] [2023-03-13 16:16:55,147:Client-AutoML(8229):120570aa-c1b2-11ed-be3f-b499bab8ef8a] Time limit for a single run is higher than total time limit. Capping the limit for a single run to the total time given to SMAC (28797.697590)
[WARNING] [2023-03-13 16:16:55,147:Client-AutoML(8229):120570aa-c1b2-11ed-be3f-b499bab8ef8a] Capping the per_run_time_limit to 14398.0 to have time for a least 2 models in each process.
[WARNING] [2023-03-13 16:17:18,907:Client-EnsembleBuilder] No runs were available to build an ensemble from
[WARNING] [2023-03-13 16:17:23,163:Client-EnsembleBuilder] No runs were available to build an ensemble from
[WARNING] [2023-03-13 16:17:25,593:Client-EnsembleBuilder] No runs were available to build an ensemble from
Time:  28817.241763830185
            Cross-validating best estimator
            ___________________
            Obtained metrics for IADS
               r2, RMSE, MAE
            7.95e-01 ± 2.39e-02
            1.64e-02 ± 1.07e-03
            1.09e-02 ± 1.01e-03
            ___________________
            Obtained metrics for PMEmo
               r2, RMSE, MAE
            6.91e-01 ± 4.29e-02
            2.29e-02 ± 2.36e-03
            1.79e-02 ± 1.57e-03
            
        Tuning Linear
            Total parameter sets: 400
Time:  366.2895486354828
            Cross-validating best estimator
            ___________________
            Obtained metrics for IADS
               r2, RMSE, MAE
            5.37e-01 ± 1.49e-01
            2.45e-02 ± 4.27e-03
            1.88e-02 ± 2.60e-03
            ___________________
            Obtained metrics for PMEmo
               r2, RMSE, MAE
            5.62e-01 ± 8.36e-02
            2.72e-02 ± 3.23e-03
            2.10e-02 ± 2.36e-03
            
        Tuning SVM
            Total parameter sets: 52000
Time:  11321.478156089783
            Cross-validating best estimator
            ___________________
            Obtained metrics for IADS
               r2, RMSE, MAE
            7.15e-01 ± 4.40e-02
            1.93e-02 ± 1.36e-03
            1.33e-02 ± 1.34e-03
            ___________________
            Obtained metrics for PMEmo
               r2, RMSE, MAE
            6.40e-01 ± 1.84e-02
            2.48e-02 ± 2.23e-03
            1.92e-02 ± 1.36e-03
            
--------
    Label: ValMN
          [Clustering]
          [Ended]
        Tuning AutoML
[WARNING] [2023-03-14 05:00:16,387:Client-AutoML(8229):b76ba356-c21c-11ed-be3f-b499bab8ef8a] Time limit for a single run is higher than total time limit. Capping the limit for a single run to the total time given to SMAC (28797.819278)
[WARNING] [2023-03-14 05:00:16,388:Client-AutoML(8229):b76ba356-c21c-11ed-be3f-b499bab8ef8a] Capping the per_run_time_limit to 14398.0 to have time for a least 2 models in each process.
[WARNING] [2023-03-14 05:00:39,821:Client-EnsembleBuilder] No runs were available to build an ensemble from
[WARNING] [2023-03-14 05:00:42,448:Client-EnsembleBuilder] No runs were available to build an ensemble from
Time:  28816.031497955322
            Cross-validating best estimator
            ___________________
            Obtained metrics for IADS
               r2, RMSE, MAE
            6.80e-01 ± 6.79e-02
            2.32e-02 ± 2.48e-03
            1.56e-02 ± 1.54e-03
            ___________________
            Obtained metrics for PMEmo
               r2, RMSE, MAE
            5.03e-01 ± 6.20e-02
            2.57e-02 ± 1.29e-03
            2.05e-02 ± 9.51e-04
            
        Tuning Linear
            Total parameter sets: 400
Time:  363.84479451179504
            Cross-validating best estimator
            ___________________
            Obtained metrics for IADS
               r2, RMSE, MAE
            3.06e-01 ± 9.21e-02
            3.42e-02 ± 1.95e-03
            2.79e-02 ± 1.88e-03
            ___________________
            Obtained metrics for PMEmo
               r2, RMSE, MAE
            1.11e-01 ± 9.83e-02
            3.45e-02 ± 3.73e-03
            2.84e-02 ± 3.40e-03
            
        Tuning SVM
            Total parameter sets: 52000
Time:  11378.659871339798
            Cross-validating best estimator
            ___________________
            Obtained metrics for IADS
               r2, RMSE, MAE
            6.07e-01 ± 7.14e-02
            2.57e-02 ± 2.28e-03
            1.82e-02 ± 1.52e-03
            ___________________
            Obtained metrics for PMEmo
               r2, RMSE, MAE
            3.62e-01 ± 4.73e-02
            2.92e-02 ± 1.61e-03
            2.29e-02 ± 1.32e-03
            
--------
--------
