WHAT IS BETTER? IADS-E NO MUSIC, PMEmo, OR IADS-E NO MUSIC + PMEmo?
2024-05-16 10:17:10: Loading data
2024-05-16 10:17:25: Ratio: 1.0IADS-E-nomusic + 0.0PMEmo
2024-05-16 10:17:25:     Label: AroMN
2024-05-16 10:17:25:           [Clustering]
2024-05-16 10:17:25:           [Ended]
2024-05-16 10:17:25:           [Clustering]
2024-05-16 10:17:26:           [Ended]
2024-05-16 10:17:26:         Tuning AutoML
[WARNING] [2024-05-16 10:31:58,593:Client-AutoML(8229):baf490ab-135c-11ef-99a5-b499bab8ef8a] Time limit for a single run is higher than total time limit. Capping the limit for a single run to the total time given to SMAC (32396.499407)
[WARNING] [2024-05-16 10:31:58,593:Client-AutoML(8229):baf490ab-135c-11ef-99a5-b499bab8ef8a] Capping the per_run_time_limit to 16198.0 to have time for a least 2 models in each process.
[WARNING] [2024-05-16 10:32:19,595:Client-EnsembleBuilder] No runs were available to build an ensemble from
Needed time for optimizing the model:  33577.789382219315
2024-05-16 19:37:04:             Cross-validating best estimator
Needed time for cross-validating the best model:  10492.772372722626
2024-05-16 22:32:57:             ___________________
2024-05-16 22:32:57:             Obtained metrics for IADS-E-nomusic
2024-05-16 22:32:57:                r2, RMSE, MAE
2024-05-16 22:32:57:             5.93e-01 ± 3.77e-02
2024-05-16 22:32:57:             1.70e-01 ± 8.22e-03
2024-05-16 22:32:57:             1.35e-01 ± 4.81e-03
2024-05-16 22:32:57:             ___________________
2024-05-16 22:32:57:             Obtained metrics for PMEmo
2024-05-16 22:32:57:                r2, RMSE, MAE
2024-05-16 22:32:57:             3.99e-02 ± 5.90e-02
2024-05-16 22:32:57:             3.46e-01 ± 1.93e-02
2024-05-16 22:32:57:             2.51e-01 ± 2.44e-02
2024-05-16 22:32:57:             
2024-05-16 22:32:57:         Tuning Linear
2024-05-16 22:33:25:             Total parameter sets: 400
Needed time for optimizing the model:  802.9238929748535
2024-05-16 22:46:20:             Cross-validating best estimator
Needed time for cross-validating the best model:  23.823667764663696
2024-05-16 22:47:44:             ___________________
2024-05-16 22:47:44:             Obtained metrics for IADS-E-nomusic
2024-05-16 22:47:44:                r2, RMSE, MAE
2024-05-16 22:47:44:             1.73e-01 ± 1.65e-01
2024-05-16 22:47:44:             2.42e-01 ± 2.63e-02
2024-05-16 22:47:44:             1.94e-01 ± 2.60e-02
2024-05-16 22:47:44:             ___________________
2024-05-16 22:47:44:             Obtained metrics for PMEmo
2024-05-16 22:47:44:                r2, RMSE, MAE
2024-05-16 22:47:44:             -3.53e+01 ± 9.74e+01
2024-05-16 22:47:44:             1.24e+00 ± 2.35e+00
2024-05-16 22:47:44:             4.86e-01 ± 5.14e-01
2024-05-16 22:47:44:             
2024-05-16 22:47:44:         Tuning SVM
2024-05-16 22:47:45:             Total parameter sets: 26000
Needed time for optimizing the model:  10364.261245250702
2024-05-17 01:40:28:             Cross-validating best estimator
Needed time for cross-validating the best model:  11.31563663482666
2024-05-17 01:41:39:             ___________________
2024-05-17 01:41:39:             Obtained metrics for IADS-E-nomusic
2024-05-17 01:41:39:                r2, RMSE, MAE
2024-05-17 01:41:39:             4.93e-01 ± 6.66e-02
2024-05-17 01:41:39:             1.90e-01 ± 1.29e-02
2024-05-17 01:41:39:             1.49e-01 ± 9.12e-03
2024-05-17 01:41:39:             ___________________
2024-05-17 01:41:39:             Obtained metrics for PMEmo
2024-05-17 01:41:39:                r2, RMSE, MAE
2024-05-17 01:41:39:             1.28e-01 ± 4.07e-02
2024-05-17 01:41:39:             3.30e-01 ± 1.72e-02
2024-05-17 01:41:39:             2.50e-01 ± 1.99e-02
2024-05-17 01:41:39:             
--------
2024-05-17 01:46:40:     Label: ValMN
2024-05-17 01:46:40:           [Clustering]
2024-05-17 01:46:40:           [Ended]
2024-05-17 01:46:40:           [Clustering]
2024-05-17 01:46:41:           [Ended]
2024-05-17 01:46:41:         Tuning AutoML
[WARNING] [2024-05-17 01:46:47,394:Client-AutoML(8229):8bac9c09-13de-11ef-99a5-b499bab8ef8a] Time limit for a single run is higher than total time limit. Capping the limit for a single run to the total time given to SMAC (32396.644543)
[WARNING] [2024-05-17 01:46:47,394:Client-AutoML(8229):8bac9c09-13de-11ef-99a5-b499bab8ef8a] Capping the per_run_time_limit to 16198.0 to have time for a least 2 models in each process.
[WARNING] [2024-05-17 01:47:19,827:Client-EnsembleBuilder] No models better than random - using Dummy losses!
	Models besides current dummy model: 0
	Dummy models: 1
[WARNING] [2024-05-17 01:47:24,331:Client-EnsembleBuilder] No runs were available to build an ensemble from
[WARNING] [2024-05-17 01:47:35,092:Client-EnsembleBuilder] No runs were available to build an ensemble from
[WARNING] [2024-05-17 01:47:39,005:Client-EnsembleBuilder] No runs were available to build an ensemble from
[WARNING] [2024-05-17 01:47:41,561:Client-EnsembleBuilder] No runs were available to build an ensemble from
[WARNING] [2024-05-17 01:48:16,023:Client-EnsembleBuilder] No runs were available to build an ensemble from
[WARNING] [2024-05-17 01:48:58,986:Client-EnsembleBuilder] No runs were available to build an ensemble from
Needed time for optimizing the model:  32705.95339536667
2024-05-17 10:51:47:             Cross-validating best estimator
Needed time for cross-validating the best model:  4522.835837364197
2024-05-17 12:08:10:             ___________________
2024-05-17 12:08:10:             Obtained metrics for IADS-E-nomusic
2024-05-17 12:08:10:                r2, RMSE, MAE
2024-05-17 12:08:10:             3.83e-01 ± 5.49e-02
2024-05-17 12:08:10:             2.30e-01 ± 1.58e-02
2024-05-17 12:08:10:             1.78e-01 ± 1.32e-02
2024-05-17 12:08:10:             ___________________
2024-05-17 12:08:10:             Obtained metrics for PMEmo
2024-05-17 12:08:10:                r2, RMSE, MAE
2024-05-17 12:08:10:             -2.20e+00 ± 6.78e-01
2024-05-17 12:08:10:             6.28e-01 ± 3.90e-02
2024-05-17 12:08:10:             5.04e-01 ± 5.25e-02
2024-05-17 12:08:10:             
2024-05-17 12:08:10:         Tuning Linear
2024-05-17 12:08:28:             Total parameter sets: 400
Needed time for optimizing the model:  622.4687542915344
2024-05-17 12:18:33:             Cross-validating best estimator
Needed time for cross-validating the best model:  19.54104995727539
2024-05-17 12:19:52:             ___________________
2024-05-17 12:19:52:             Obtained metrics for IADS-E-nomusic
2024-05-17 12:19:52:                r2, RMSE, MAE
2024-05-17 12:19:52:             2.24e-01 ± 1.08e-01
2024-05-17 12:19:52:             2.58e-01 ± 2.74e-02
2024-05-17 12:19:52:             1.98e-01 ± 1.33e-02
2024-05-17 12:19:52:             ___________________
2024-05-17 12:19:52:             Obtained metrics for PMEmo
2024-05-17 12:19:52:                r2, RMSE, MAE
2024-05-17 12:19:52:             -8.62e+00 ± 5.12e+00
2024-05-17 12:19:52:             1.07e+00 ± 2.82e-01
2024-05-17 12:19:52:             8.08e-01 ± 1.57e-01
2024-05-17 12:19:52:             
2024-05-17 12:19:52:         Tuning SVM
2024-05-17 12:19:53:             Total parameter sets: 26000
Needed time for optimizing the model:  10415.626230716705
2024-05-17 15:13:28:             Cross-validating best estimator
Needed time for cross-validating the best model:  9.801364660263062
2024-05-17 15:14:38:             ___________________
2024-05-17 15:14:38:             Obtained metrics for IADS-E-nomusic
2024-05-17 15:14:38:                r2, RMSE, MAE
2024-05-17 15:14:38:             3.20e-01 ± 1.24e-01
2024-05-17 15:14:38:             2.41e-01 ± 2.62e-02
2024-05-17 15:14:38:             1.85e-01 ± 1.71e-02
2024-05-17 15:14:38:             ___________________
2024-05-17 15:14:38:             Obtained metrics for PMEmo
2024-05-17 15:14:38:                r2, RMSE, MAE
2024-05-17 15:14:38:             -1.56e+00 ± 4.17e-01
2024-05-17 15:14:38:             5.63e-01 ± 2.55e-02
2024-05-17 15:14:38:             4.51e-01 ± 3.58e-02
2024-05-17 15:14:38:             
--------
--------
2024-05-17 15:19:38: Ratio: 1.0IADS-E-nomusic + 1.0PMEmo
2024-05-17 15:19:38:     Label: AroMN
2024-05-17 15:20:04:           [Clustering]
2024-05-17 15:20:04:           [Ended]
2024-05-17 15:20:04:           [Clustering]
2024-05-17 15:20:05:           [Ended]
2024-05-17 15:20:05:         Tuning AutoML
[WARNING] [2024-05-17 15:20:12,654:Client-AutoML(8229):2d1f2fda-1450-11ef-99a5-b499bab8ef8a] Time limit for a single run is higher than total time limit. Capping the limit for a single run to the total time given to SMAC (32395.882718)
[WARNING] [2024-05-17 15:20:12,654:Client-AutoML(8229):2d1f2fda-1450-11ef-99a5-b499bab8ef8a] Capping the per_run_time_limit to 16197.0 to have time for a least 2 models in each process.
[WARNING] [2024-05-17 15:20:35,219:Client-EnsembleBuilder] No runs were available to build an ensemble from
[WARNING] [2024-05-17 15:20:49,955:Client-EnsembleBuilder] No runs were available to build an ensemble from
[WARNING] [2024-05-17 15:20:52,950:Client-EnsembleBuilder] No runs were available to build an ensemble from
Needed time for optimizing the model:  32709.261164426804
2024-05-18 00:25:15:             Cross-validating best estimator
Needed time for cross-validating the best model:  19518.90166759491
2024-05-18 05:51:34:             ___________________
2024-05-18 05:51:34:             Obtained metrics for IADS-E-nomusic
2024-05-18 05:51:34:                r2, RMSE, MAE
2024-05-18 05:51:34:             6.24e-01 ± 5.71e-02
2024-05-18 05:51:34:             1.63e-01 ± 1.27e-02
2024-05-18 05:51:34:             1.20e-01 ± 8.67e-03
2024-05-18 05:51:34:             ___________________
2024-05-18 05:51:34:             Obtained metrics for PMEmo
2024-05-18 05:51:34:                r2, RMSE, MAE
2024-05-18 05:51:34:             7.38e-01 ± 5.18e-02
2024-05-18 05:51:34:             1.80e-01 ± 1.61e-02
2024-05-18 05:51:34:             1.31e-01 ± 1.35e-02
2024-05-18 05:51:34:             
2024-05-18 05:51:34:         Tuning Linear
2024-05-18 05:51:57:             Total parameter sets: 400
Needed time for optimizing the model:  1338.5922572612762
2024-05-18 06:13:52:             Cross-validating best estimator
Needed time for cross-validating the best model:  66.80206394195557
2024-05-18 06:15:59:             ___________________
2024-05-18 06:15:59:             Obtained metrics for IADS-E-nomusic
2024-05-18 06:15:59:                r2, RMSE, MAE
2024-05-18 06:15:59:             4.38e-01 ± 8.40e-02
2024-05-18 06:15:59:             1.99e-01 ± 1.59e-02
2024-05-18 06:15:59:             1.55e-01 ± 1.66e-02
2024-05-18 06:15:59:             ___________________
2024-05-18 06:15:59:             Obtained metrics for PMEmo
2024-05-18 06:15:59:                r2, RMSE, MAE
2024-05-18 06:15:59:             6.50e-01 ± 4.10e-02
2024-05-18 06:15:59:             2.09e-01 ± 1.25e-02
2024-05-18 06:15:59:             1.57e-01 ± 8.22e-03
2024-05-18 06:15:59:             
2024-05-18 06:15:59:         Tuning SVM
2024-05-18 06:15:59:             Total parameter sets: 26000
Needed time for optimizing the model:  33302.33015990257
2024-05-18 15:31:01:             Cross-validating best estimator
Needed time for cross-validating the best model:  42.31851053237915
2024-05-18 15:32:44:             ___________________
2024-05-18 15:32:44:             Obtained metrics for IADS-E-nomusic
2024-05-18 15:32:44:                r2, RMSE, MAE
2024-05-18 15:32:44:             5.47e-01 ± 6.69e-02
2024-05-18 15:32:44:             1.79e-01 ± 1.44e-02
2024-05-18 15:32:44:             1.29e-01 ± 1.42e-02
2024-05-18 15:32:44:             ___________________
2024-05-18 15:32:44:             Obtained metrics for PMEmo
2024-05-18 15:32:44:                r2, RMSE, MAE
2024-05-18 15:32:44:             6.87e-01 ± 8.70e-02
2024-05-18 15:32:44:             1.97e-01 ± 2.85e-02
2024-05-18 15:32:44:             1.38e-01 ± 2.55e-02
2024-05-18 15:32:44:             
--------
2024-05-18 15:37:44:     Label: ValMN
2024-05-18 15:38:17:           [Clustering]
2024-05-18 15:38:19:           [Ended]
2024-05-18 15:38:19:           [Clustering]
2024-05-18 15:38:20:           [Ended]
2024-05-18 15:38:20:         Tuning AutoML
[WARNING] [2024-05-18 15:38:28,569:Client-AutoML(8229):e40aca28-151b-11ef-99a5-b499bab8ef8a] Time limit for a single run is higher than total time limit. Capping the limit for a single run to the total time given to SMAC (32395.639116)
[WARNING] [2024-05-18 15:38:28,570:Client-AutoML(8229):e40aca28-151b-11ef-99a5-b499bab8ef8a] Capping the per_run_time_limit to 16197.0 to have time for a least 2 models in each process.
[WARNING] [2024-05-18 15:38:53,988:Client-EnsembleBuilder] No runs were available to build an ensemble from
[WARNING] [2024-05-18 15:39:04,467:Client-EnsembleBuilder] No runs were available to build an ensemble from
[WARNING] [2024-05-18 15:39:06,816:Client-EnsembleBuilder] No runs were available to build an ensemble from
[WARNING] [2024-05-18 20:53:38,052:distributed.scheduler] Worker failed to heartbeat within 300 seconds. Closing: <WorkerState 'inproc://159.149.133.152/39333/298', name: 0, status: running, memory: 0, processing: 1>
[WARNING] [2024-05-18 20:53:38,266:distributed.scheduler] Worker failed to heartbeat within 300 seconds. Closing: <WorkerState 'inproc://159.149.133.152/39333/300', name: 2, status: running, memory: 0, processing: 1>
[WARNING] [2024-05-18 20:53:38,268:distributed.scheduler] Worker failed to heartbeat within 300 seconds. Closing: <WorkerState 'inproc://159.149.133.152/39333/302', name: 4, status: running, memory: 0, processing: 1>
[WARNING] [2024-05-18 20:53:38,269:distributed.scheduler] Worker failed to heartbeat within 300 seconds. Closing: <WorkerState 'inproc://159.149.133.152/39333/304', name: 6, status: running, memory: 0, processing: 1>
[WARNING] [2024-05-18 20:53:38,271:distributed.scheduler] Worker failed to heartbeat within 300 seconds. Closing: <WorkerState 'inproc://159.149.133.152/39333/306', name: 8, status: running, memory: 0, processing: 1>
[WARNING] [2024-05-18 20:53:38,272:distributed.scheduler] Worker failed to heartbeat within 300 seconds. Closing: <WorkerState 'inproc://159.149.133.152/39333/308', name: 10, status: running, memory: 1, processing: 1>
[WARNING] [2024-05-18 20:53:38,289:distributed.scheduler] Worker failed to heartbeat within 300 seconds. Closing: <WorkerState 'inproc://159.149.133.152/39333/310', name: 12, status: running, memory: 0, processing: 1>
[WARNING] [2024-05-18 20:53:38,291:distributed.scheduler] Worker failed to heartbeat within 300 seconds. Closing: <WorkerState 'inproc://159.149.133.152/39333/312', name: 14, status: running, memory: 0, processing: 1>
[WARNING] [2024-05-18 20:53:38,292:distributed.scheduler] Worker failed to heartbeat within 300 seconds. Closing: <WorkerState 'inproc://159.149.133.152/39333/314', name: 16, status: running, memory: 0, processing: 2>
[WARNING] [2024-05-18 20:53:38,294:distributed.scheduler] Worker failed to heartbeat within 300 seconds. Closing: <WorkerState 'inproc://159.149.133.152/39333/316', name: 18, status: running, memory: 0, processing: 1>
[WARNING] [2024-05-18 20:53:38,295:distributed.scheduler] Worker failed to heartbeat within 300 seconds. Closing: <WorkerState 'inproc://159.149.133.152/39333/318', name: 20, status: running, memory: 0, processing: 1>
[WARNING] [2024-05-18 20:53:38,296:distributed.scheduler] Worker failed to heartbeat within 300 seconds. Closing: <WorkerState 'inproc://159.149.133.152/39333/320', name: 22, status: running, memory: 0, processing: 2>
[WARNING] [2024-05-18 20:53:38,301:distributed.scheduler] Received heartbeat from unregistered worker 'inproc://159.149.133.152/39333/298'.
[WARNING] [2024-05-18 20:53:38,302:distributed.scheduler] Received heartbeat from unregistered worker 'inproc://159.149.133.152/39333/300'.
[WARNING] [2024-05-18 20:53:38,304:distributed.scheduler] Received heartbeat from unregistered worker 'inproc://159.149.133.152/39333/302'.
[WARNING] [2024-05-18 20:53:38,327:distributed.scheduler] Received heartbeat from unregistered worker 'inproc://159.149.133.152/39333/304'.
[WARNING] [2024-05-18 20:53:38,329:distributed.scheduler] Received heartbeat from unregistered worker 'inproc://159.149.133.152/39333/306'.
[WARNING] [2024-05-18 20:53:38,330:distributed.scheduler] Received heartbeat from unregistered worker 'inproc://159.149.133.152/39333/308'.
[WARNING] [2024-05-18 20:53:38,332:distributed.scheduler] Received heartbeat from unregistered worker 'inproc://159.149.133.152/39333/310'.
[WARNING] [2024-05-18 20:53:38,334:distributed.scheduler] Received heartbeat from unregistered worker 'inproc://159.149.133.152/39333/312'.
[ERROR] [2024-05-18 20:53:38,428:distributed.worker] Scheduler was unaware of this worker 'inproc://159.149.133.152/39333/298'. Shutting down.
[ERROR] [2024-05-18 20:53:38,576:distributed.worker] Scheduler was unaware of this worker 'inproc://159.149.133.152/39333/300'. Shutting down.
[ERROR] [2024-05-18 20:53:38,578:distributed.worker] Scheduler was unaware of this worker 'inproc://159.149.133.152/39333/302'. Shutting down.
[ERROR] [2024-05-18 20:53:38,603:distributed.worker] Scheduler was unaware of this worker 'inproc://159.149.133.152/39333/304'. Shutting down.
[ERROR] [2024-05-18 20:53:38,605:distributed.worker] Scheduler was unaware of this worker 'inproc://159.149.133.152/39333/306'. Shutting down.
[ERROR] [2024-05-18 20:53:38,606:distributed.worker] Scheduler was unaware of this worker 'inproc://159.149.133.152/39333/308'. Shutting down.
[ERROR] [2024-05-18 20:53:38,607:distributed.worker] Scheduler was unaware of this worker 'inproc://159.149.133.152/39333/310'. Shutting down.
[ERROR] [2024-05-18 20:53:38,608:distributed.worker] Scheduler was unaware of this worker 'inproc://159.149.133.152/39333/312'. Shutting down.
[WARNING] [2024-05-18 20:53:38,618:distributed.scheduler] Received heartbeat from unregistered worker 'inproc://159.149.133.152/39333/314'.
[WARNING] [2024-05-18 20:53:38,620:distributed.scheduler] Received heartbeat from unregistered worker 'inproc://159.149.133.152/39333/316'.
[WARNING] [2024-05-18 20:53:38,621:distributed.scheduler] Received heartbeat from unregistered worker 'inproc://159.149.133.152/39333/318'.
[WARNING] [2024-05-18 20:53:38,623:distributed.scheduler] Received heartbeat from unregistered worker 'inproc://159.149.133.152/39333/320'.
[ERROR] [2024-05-18 20:53:39,201:distributed.worker] Scheduler was unaware of this worker 'inproc://159.149.133.152/39333/314'. Shutting down.
[ERROR] [2024-05-18 20:53:39,208:distributed.worker] Scheduler was unaware of this worker 'inproc://159.149.133.152/39333/316'. Shutting down.
[ERROR] [2024-05-18 20:53:39,264:distributed.worker] Scheduler was unaware of this worker 'inproc://159.149.133.152/39333/318'. Shutting down.
[ERROR] [2024-05-18 20:53:39,265:distributed.worker] Scheduler was unaware of this worker 'inproc://159.149.133.152/39333/320'. Shutting down.
[ERROR] [2024-05-18 20:54:09,751:asyncio.events] 
Traceback (most recent call last):
  File "/home/fedes/MusicSoundEmotions/.venv/lib/python3.9/site-packages/distributed/utils.py", line 741, in wrapper
    return await func(*args, **kwargs)
  File "/home/fedes/MusicSoundEmotions/.venv/lib/python3.9/site-packages/distributed/worker.py", line 1498, in close
    await self.finished()
  File "/home/fedes/MusicSoundEmotions/.venv/lib/python3.9/site-packages/distributed/core.py", line 494, in finished
    await self._event_finished.wait()
  File "/home/fedes/.pyenv/versions/3.9.16/lib/python3.9/asyncio/locks.py", line 226, in wait
    await fut
asyncio.exceptions.CancelledError
[ERROR] [2024-05-18 20:54:39,541:asyncio.events] 
Traceback (most recent call last):
  File "/home/fedes/MusicSoundEmotions/.venv/lib/python3.9/site-packages/distributed/utils.py", line 741, in wrapper
    return await func(*args, **kwargs)
  File "/home/fedes/MusicSoundEmotions/.venv/lib/python3.9/site-packages/distributed/worker.py", line 1498, in close
    await self.finished()
  File "/home/fedes/MusicSoundEmotions/.venv/lib/python3.9/site-packages/distributed/core.py", line 494, in finished
    await self._event_finished.wait()
  File "/home/fedes/.pyenv/versions/3.9.16/lib/python3.9/asyncio/locks.py", line 226, in wait
    await fut
asyncio.exceptions.CancelledError
[ERROR] [2024-05-18 20:55:09,542:asyncio.events] 
Traceback (most recent call last):
  File "/home/fedes/MusicSoundEmotions/.venv/lib/python3.9/site-packages/distributed/utils.py", line 741, in wrapper
    return await func(*args, **kwargs)
  File "/home/fedes/MusicSoundEmotions/.venv/lib/python3.9/site-packages/distributed/worker.py", line 1498, in close
    await self.finished()
  File "/home/fedes/MusicSoundEmotions/.venv/lib/python3.9/site-packages/distributed/core.py", line 494, in finished
    await self._event_finished.wait()
  File "/home/fedes/.pyenv/versions/3.9.16/lib/python3.9/asyncio/locks.py", line 226, in wait
    await fut
asyncio.exceptions.CancelledError
[ERROR] [2024-05-18 20:55:39,542:asyncio.events] 
Traceback (most recent call last):
  File "/home/fedes/MusicSoundEmotions/.venv/lib/python3.9/site-packages/distributed/utils.py", line 741, in wrapper
    return await func(*args, **kwargs)
  File "/home/fedes/MusicSoundEmotions/.venv/lib/python3.9/site-packages/distributed/worker.py", line 1498, in close
    await self.finished()
  File "/home/fedes/MusicSoundEmotions/.venv/lib/python3.9/site-packages/distributed/core.py", line 494, in finished
    await self._event_finished.wait()
  File "/home/fedes/.pyenv/versions/3.9.16/lib/python3.9/asyncio/locks.py", line 226, in wait
    await fut
asyncio.exceptions.CancelledError
[ERROR] [2024-05-18 20:56:09,544:asyncio.events] 
Traceback (most recent call last):
  File "/home/fedes/MusicSoundEmotions/.venv/lib/python3.9/site-packages/distributed/utils.py", line 741, in wrapper
    return await func(*args, **kwargs)
  File "/home/fedes/MusicSoundEmotions/.venv/lib/python3.9/site-packages/distributed/worker.py", line 1498, in close
    await self.finished()
  File "/home/fedes/MusicSoundEmotions/.venv/lib/python3.9/site-packages/distributed/core.py", line 494, in finished
    await self._event_finished.wait()
  File "/home/fedes/.pyenv/versions/3.9.16/lib/python3.9/asyncio/locks.py", line 226, in wait
    await fut
asyncio.exceptions.CancelledError
[ERROR] [2024-05-18 20:56:39,547:asyncio.events] 
Traceback (most recent call last):
  File "/home/fedes/MusicSoundEmotions/.venv/lib/python3.9/site-packages/distributed/utils.py", line 741, in wrapper
    return await func(*args, **kwargs)
  File "/home/fedes/MusicSoundEmotions/.venv/lib/python3.9/site-packages/distributed/worker.py", line 1498, in close
    await self.finished()
  File "/home/fedes/MusicSoundEmotions/.venv/lib/python3.9/site-packages/distributed/core.py", line 494, in finished
    await self._event_finished.wait()
  File "/home/fedes/.pyenv/versions/3.9.16/lib/python3.9/asyncio/locks.py", line 226, in wait
    await fut
asyncio.exceptions.CancelledError
[ERROR] [2024-05-18 20:57:09,551:asyncio.events] 
Traceback (most recent call last):
  File "/home/fedes/MusicSoundEmotions/.venv/lib/python3.9/site-packages/distributed/utils.py", line 741, in wrapper
    return await func(*args, **kwargs)
  File "/home/fedes/MusicSoundEmotions/.venv/lib/python3.9/site-packages/distributed/worker.py", line 1498, in close
    await self.finished()
  File "/home/fedes/MusicSoundEmotions/.venv/lib/python3.9/site-packages/distributed/core.py", line 494, in finished
    await self._event_finished.wait()
  File "/home/fedes/.pyenv/versions/3.9.16/lib/python3.9/asyncio/locks.py", line 226, in wait
    await fut
asyncio.exceptions.CancelledError
[ERROR] [2024-05-18 20:57:39,553:asyncio.events] 
Traceback (most recent call last):
  File "/home/fedes/MusicSoundEmotions/.venv/lib/python3.9/site-packages/distributed/utils.py", line 741, in wrapper
    return await func(*args, **kwargs)
  File "/home/fedes/MusicSoundEmotions/.venv/lib/python3.9/site-packages/distributed/worker.py", line 1498, in close
    await self.finished()
  File "/home/fedes/MusicSoundEmotions/.venv/lib/python3.9/site-packages/distributed/core.py", line 494, in finished
    await self._event_finished.wait()
  File "/home/fedes/.pyenv/versions/3.9.16/lib/python3.9/asyncio/locks.py", line 226, in wait
    await fut
asyncio.exceptions.CancelledError
