Loading data
Ratio: PMEmo + 0.25IADS-E-no-music
    Label: ValMN
          [Clustering]
          [Ended]
          [Clustering]
          [Ended]
        Tuning AutoML
[WARNING] [2023-04-11 15:06:46,774:Client-AutoML(8229):b2a01cf2-d869-11ed-8bc5-84a93e6547cf] Time limit for a single run is higher than total time limit. Capping the limit for a single run to the total time given to SMAC (14397.457433)
[WARNING] [2023-04-11 15:06:46,774:Client-AutoML(8229):b2a01cf2-d869-11ed-8bc5-84a93e6547cf] Capping the per_run_time_limit to 7198.0 to have time for a least 2 models in each process.
[WARNING] [2023-04-11 15:06:59,228:Client-EnsembleBuilder] No runs were available to build an ensemble from
[WARNING] [2023-04-11 15:07:06,617:Client-EnsembleBuilder] No models better than random - using Dummy losses!
	Models besides current dummy model: 0
	Dummy models: 1
[WARNING] [2023-04-11 15:07:08,677:Client-EnsembleBuilder] No models better than random - using Dummy losses!
	Models besides current dummy model: 0
	Dummy models: 1
[WARNING] [2023-04-11 15:07:10,590:Client-EnsembleBuilder] No models better than random - using Dummy losses!
	Models besides current dummy model: 0
	Dummy models: 1
[WARNING] [2023-04-11 15:07:17,699:Client-EnsembleBuilder] No models better than random - using Dummy losses!
	Models besides current dummy model: 0
	Dummy models: 1
[WARNING] [2023-04-11 15:07:24,373:Client-EnsembleBuilder] No models better than random - using Dummy losses!
	Models besides current dummy model: 0
	Dummy models: 1
[WARNING] [2023-04-11 15:07:31,510:Client-EnsembleBuilder] No models better than random - using Dummy losses!
	Models besides current dummy model: 0
	Dummy models: 1
Time:  14402.48346042633
            Cross-validating best estimator
Cross-validating: 0it [00:00, ?it/s]Cross-validating: 1it [20:38, 1238.09s/it]Cross-validating: 2it [39:03, 1160.12s/it]Cross-validating: 3it [58:02, 1150.40s/it]Cross-validating: 4it [1:16:39, 1137.20s/it]Cross-validating: 5it [1:35:48, 1141.32s/it]Cross-validating: 5it [1:35:48, 1149.61s/it]
            ___________________
            Obtained metrics for PMEmo
               r2, RMSE, MAE
            5.75e-01 ± 5.69e-02
            2.11e-01 ± 2.14e-02
            1.66e-01 ± 1.99e-02
            ___________________
            Obtained metrics for IADS-E-no-music
               r2, RMSE, MAE
            3.76e-01 ± 5.24e-02
            2.80e-01 ± 1.66e-02
            2.04e-01 ± 1.44e-02
            
--------
--------
